<?xml version="1.0" encoding="utf-8"?><testsuites><testsuite name="pytest" errors="0" failures="0" skipped="0" tests="3" time="0.616" timestamp="2025-10-21T13:45:48.550359" hostname="endeavour"><testcase classname="examples_rclpy_executors.executors.test.test_copyright" name="test_copyright" time="0.225" /><testcase classname="examples_rclpy_executors.executors.test.test_flake8" name="test_flake8" time="0.225" /><testcase classname="examples_rclpy_executors.executors.test.test_pep257" name="test_pep257" time="0.070" /></testsuite></testsuites>