Start testing: Oct 21 13:45 CDT
----------------------------------------------------------
1/6 Testing: copyright
1/6 Test: copyright
Command: "/usr/bin/python3" "-u" "/opt/ros/humble/share/ament_cmake_test/cmake/run_test.py" "/home/aaron/abstain-rover/ros2_ws/build/examples_rclcpp_minimal_action_server/test_results/examples_rclcpp_minimal_action_server/copyright.xunit.xml" "--package-name" "examples_rclcpp_minimal_action_server" "--output-file" "/home/aaron/abstain-rover/ros2_ws/build/examples_rclcpp_minimal_action_server/ament_copyright/copyright.txt" "--command" "/opt/ros/humble/bin/ament_copyright" "--xunit-file" "/home/aaron/abstain-rover/ros2_ws/build/examples_rclcpp_minimal_action_server/test_results/examples_rclcpp_minimal_action_server/copyright.xunit.xml"
Directory: /home/aaron/abstain-rover/ros2_ws/src/src/examples/rclcpp/actions/minimal_action_server
"copyright" start time: Oct 21 13:45 CDT
Output:
----------------------------------------------------------
-- run_test.py: invoking following command in '/home/aaron/abstain-rover/ros2_ws/src/src/examples/rclcpp/actions/minimal_action_server':
 - /opt/ros/humble/bin/ament_copyright --xunit-file /home/aaron/abstain-rover/ros2_ws/build/examples_rclcpp_minimal_action_server/test_results/examples_rclcpp_minimal_action_server/copyright.xunit.xml
No problems found, checked 2 files
-- run_test.py: return code 0
-- run_test.py: verify result file '/home/aaron/abstain-rover/ros2_ws/build/examples_rclcpp_minimal_action_server/test_results/examples_rclcpp_minimal_action_server/copyright.xunit.xml'
<end of output>
Test time =   0.43 sec
----------------------------------------------------------
Test Passed.
"copyright" end time: Oct 21 13:45 CDT
"copyright" time elapsed: 00:00:00
----------------------------------------------------------

2/6 Testing: cppcheck
2/6 Test: cppcheck
Command: "/usr/bin/python3" "-u" "/opt/ros/humble/share/ament_cmake_test/cmake/run_test.py" "/home/aaron/abstain-rover/ros2_ws/build/examples_rclcpp_minimal_action_server/test_results/examples_rclcpp_minimal_action_server/cppcheck.xunit.xml" "--package-name" "examples_rclcpp_minimal_action_server" "--output-file" "/home/aaron/abstain-rover/ros2_ws/build/examples_rclcpp_minimal_action_server/ament_cppcheck/cppcheck.txt" "--command" "/opt/ros/humble/bin/ament_cppcheck" "--xunit-file" "/home/aaron/abstain-rover/ros2_ws/build/examples_rclcpp_minimal_action_server/test_results/examples_rclcpp_minimal_action_server/cppcheck.xunit.xml"
Directory: /home/aaron/abstain-rover/ros2_ws/src/src/examples/rclcpp/actions/minimal_action_server
"cppcheck" start time: Oct 21 13:45 CDT
Output:
----------------------------------------------------------
-- run_test.py: invoking following command in '/home/aaron/abstain-rover/ros2_ws/src/src/examples/rclcpp/actions/minimal_action_server':
 - /opt/ros/humble/bin/ament_cppcheck --xunit-file /home/aaron/abstain-rover/ros2_ws/build/examples_rclcpp_minimal_action_server/test_results/examples_rclcpp_minimal_action_server/cppcheck.xunit.xml
cppcheck 2.7 has known performance issues and therefore will not be used, set the AMENT_CPPCHECK_ALLOW_SLOW_VERSIONS environment variable to override this.
-- run_test.py: return code 0
-- run_test.py: verify result file '/home/aaron/abstain-rover/ros2_ws/build/examples_rclcpp_minimal_action_server/test_results/examples_rclcpp_minimal_action_server/cppcheck.xunit.xml'
<end of output>
Test time =   0.30 sec
----------------------------------------------------------
Test Passed.
"cppcheck" end time: Oct 21 13:45 CDT
"cppcheck" time elapsed: 00:00:00
----------------------------------------------------------

3/6 Testing: cpplint
3/6 Test: cpplint
Command: "/usr/bin/python3" "-u" "/opt/ros/humble/share/ament_cmake_test/cmake/run_test.py" "/home/aaron/abstain-rover/ros2_ws/build/examples_rclcpp_minimal_action_server/test_results/examples_rclcpp_minimal_action_server/cpplint.xunit.xml" "--package-name" "examples_rclcpp_minimal_action_server" "--output-file" "/home/aaron/abstain-rover/ros2_ws/build/examples_rclcpp_minimal_action_server/ament_cpplint/cpplint.txt" "--command" "/opt/ros/humble/bin/ament_cpplint" "--xunit-file" "/home/aaron/abstain-rover/ros2_ws/build/examples_rclcpp_minimal_action_server/test_results/examples_rclcpp_minimal_action_server/cpplint.xunit.xml"
Directory: /home/aaron/abstain-rover/ros2_ws/src/src/examples/rclcpp/actions/minimal_action_server
"cpplint" start time: Oct 21 13:45 CDT
Output:
----------------------------------------------------------
-- run_test.py: invoking following command in '/home/aaron/abstain-rover/ros2_ws/src/src/examples/rclcpp/actions/minimal_action_server':
 - /opt/ros/humble/bin/ament_cpplint --xunit-file /home/aaron/abstain-rover/ros2_ws/build/examples_rclcpp_minimal_action_server/test_results/examples_rclcpp_minimal_action_server/cpplint.xunit.xml
Using '--root=..' argument

Done processing /home/aaron/abstain-rover/ros2_ws/src/src/examples/rclcpp/actions/minimal_action_server/member_functions.cpp

Done processing /home/aaron/abstain-rover/ros2_ws/src/src/examples/rclcpp/actions/minimal_action_server/not_composable.cpp

No problems found
-- run_test.py: return code 0
-- run_test.py: verify result file '/home/aaron/abstain-rover/ros2_ws/build/examples_rclcpp_minimal_action_server/test_results/examples_rclcpp_minimal_action_server/cpplint.xunit.xml'
<end of output>
Test time =   0.40 sec
----------------------------------------------------------
Test Passed.
"cpplint" end time: Oct 21 13:45 CDT
"cpplint" time elapsed: 00:00:00
----------------------------------------------------------

4/6 Testing: lint_cmake
4/6 Test: lint_cmake
Command: "/usr/bin/python3" "-u" "/opt/ros/humble/share/ament_cmake_test/cmake/run_test.py" "/home/aaron/abstain-rover/ros2_ws/build/examples_rclcpp_minimal_action_server/test_results/examples_rclcpp_minimal_action_server/lint_cmake.xunit.xml" "--package-name" "examples_rclcpp_minimal_action_server" "--output-file" "/home/aaron/abstain-rover/ros2_ws/build/examples_rclcpp_minimal_action_server/ament_lint_cmake/lint_cmake.txt" "--command" "/opt/ros/humble/bin/ament_lint_cmake" "--xunit-file" "/home/aaron/abstain-rover/ros2_ws/build/examples_rclcpp_minimal_action_server/test_results/examples_rclcpp_minimal_action_server/lint_cmake.xunit.xml"
Directory: /home/aaron/abstain-rover/ros2_ws/src/src/examples/rclcpp/actions/minimal_action_server
"lint_cmake" start time: Oct 21 13:45 CDT
Output:
----------------------------------------------------------
-- run_test.py: invoking following command in '/home/aaron/abstain-rover/ros2_ws/src/src/examples/rclcpp/actions/minimal_action_server':
 - /opt/ros/humble/bin/ament_lint_cmake --xunit-file /home/aaron/abstain-rover/ros2_ws/build/examples_rclcpp_minimal_action_server/test_results/examples_rclcpp_minimal_action_server/lint_cmake.xunit.xml

No problems found
-- run_test.py: return code 0
-- run_test.py: verify result file '/home/aaron/abstain-rover/ros2_ws/build/examples_rclcpp_minimal_action_server/test_results/examples_rclcpp_minimal_action_server/lint_cmake.xunit.xml'
<end of output>
Test time =   0.26 sec
----------------------------------------------------------
Test Passed.
"lint_cmake" end time: Oct 21 13:45 CDT
"lint_cmake" time elapsed: 00:00:00
----------------------------------------------------------

5/6 Testing: uncrustify
5/6 Test: uncrustify
Command: "/usr/bin/python3" "-u" "/opt/ros/humble/share/ament_cmake_test/cmake/run_test.py" "/home/aaron/abstain-rover/ros2_ws/build/examples_rclcpp_minimal_action_server/test_results/examples_rclcpp_minimal_action_server/uncrustify.xunit.xml" "--package-name" "examples_rclcpp_minimal_action_server" "--output-file" "/home/aaron/abstain-rover/ros2_ws/build/examples_rclcpp_minimal_action_server/ament_uncrustify/uncrustify.txt" "--command" "/opt/ros/humble/bin/ament_uncrustify" "--xunit-file" "/home/aaron/abstain-rover/ros2_ws/build/examples_rclcpp_minimal_action_server/test_results/examples_rclcpp_minimal_action_server/uncrustify.xunit.xml"
Directory: /home/aaron/abstain-rover/ros2_ws/src/src/examples/rclcpp/actions/minimal_action_server
"uncrustify" start time: Oct 21 13:45 CDT
Output:
----------------------------------------------------------
-- run_test.py: invoking following command in '/home/aaron/abstain-rover/ros2_ws/src/src/examples/rclcpp/actions/minimal_action_server':
 - /opt/ros/humble/bin/ament_uncrustify --xunit-file /home/aaron/abstain-rover/ros2_ws/build/examples_rclcpp_minimal_action_server/test_results/examples_rclcpp_minimal_action_server/uncrustify.xunit.xml
No code style divergence in file 'member_functions.cpp'

No code style divergence in file 'not_composable.cpp'

No problems found
-- run_test.py: return code 0
-- run_test.py: verify result file '/home/aaron/abstain-rover/ros2_ws/build/examples_rclcpp_minimal_action_server/test_results/examples_rclcpp_minimal_action_server/uncrustify.xunit.xml'
<end of output>
Test time =   0.28 sec
----------------------------------------------------------
Test Passed.
"uncrustify" end time: Oct 21 13:45 CDT
"uncrustify" time elapsed: 00:00:00
----------------------------------------------------------

6/6 Testing: xmllint
6/6 Test: xmllint
Command: "/usr/bin/python3" "-u" "/opt/ros/humble/share/ament_cmake_test/cmake/run_test.py" "/home/aaron/abstain-rover/ros2_ws/build/examples_rclcpp_minimal_action_server/test_results/examples_rclcpp_minimal_action_server/xmllint.xunit.xml" "--package-name" "examples_rclcpp_minimal_action_server" "--output-file" "/home/aaron/abstain-rover/ros2_ws/build/examples_rclcpp_minimal_action_server/ament_xmllint/xmllint.txt" "--command" "/opt/ros/humble/bin/ament_xmllint" "--xunit-file" "/home/aaron/abstain-rover/ros2_ws/build/examples_rclcpp_minimal_action_server/test_results/examples_rclcpp_minimal_action_server/xmllint.xunit.xml"
Directory: /home/aaron/abstain-rover/ros2_ws/src/src/examples/rclcpp/actions/minimal_action_server
"xmllint" start time: Oct 21 13:45 CDT
Output:
----------------------------------------------------------
-- run_test.py: invoking following command in '/home/aaron/abstain-rover/ros2_ws/src/src/examples/rclcpp/actions/minimal_action_server':
 - /opt/ros/humble/bin/ament_xmllint --xunit-file /home/aaron/abstain-rover/ros2_ws/build/examples_rclcpp_minimal_action_server/test_results/examples_rclcpp_minimal_action_server/xmllint.xunit.xml
File 'package.xml' is valid

No problems found
-- run_test.py: return code 0
-- run_test.py: verify result file '/home/aaron/abstain-rover/ros2_ws/build/examples_rclcpp_minimal_action_server/test_results/examples_rclcpp_minimal_action_server/xmllint.xunit.xml'
<end of output>
Test time =   0.60 sec
----------------------------------------------------------
Test Passed.
"xmllint" end time: Oct 21 13:45 CDT
"xmllint" time elapsed: 00:00:00
----------------------------------------------------------

End testing: Oct 21 13:45 CDT

copyright =   0.43 sec*proc

cppcheck =   0.30 sec*proc

cpplint =   0.40 sec*proc

lint_cmake =   0.26 sec*proc

linter =   2.27 sec*proc

uncrustify =   0.28 sec*proc

xmllint =   0.60 sec*proc

